<?xml version="1.0" encoding="UTF-8"?>
<!-- Generated by org.testng.reporters.JUnitReportReporter -->
<testsuite skipped="0" hostname="IN-JC99GC2" name="TestAutomation.TestProject.AppTest1" tests="14" failures="0" timestamp="18 Jan 2019 14:28:32 GMT" time="85.010" errors="0">
  <testcase name="TC1" time="6.206" classname="TestAutomation.TestProject.AppTest1"/>
  <testcase name="TC2" time="0.027" classname="TestAutomation.TestProject.AppTest1"/>
  <testcase name="TC3" time="0.073" classname="TestAutomation.TestProject.AppTest1"/>
  <testcase name="TC4" time="0.027" classname="TestAutomation.TestProject.AppTest1"/>
  <testcase name="TC5" time="0.637" classname="TestAutomation.TestProject.AppTest1"/>
  <testcase name="TC6" time="65.598" classname="TestAutomation.TestProject.AppTest1"/>
  <testcase name="TC7" time="2.122" classname="TestAutomation.TestProject.AppTest1"/>
  <testcase name="TC8" time="1.424" classname="TestAutomation.TestProject.AppTest1"/>
  <testcase name="TC9" time="0.573" classname="TestAutomation.TestProject.AppTest1"/>
  <testcase name="TC10" time="0.538" classname="TestAutomation.TestProject.AppTest1"/>
  <testcase name="TC11" time="4.055" classname="TestAutomation.TestProject.AppTest1"/>
  <testcase name="TC12" time="0.914" classname="TestAutomation.TestProject.AppTest1"/>
  <testcase name="TC13" time="1.548" classname="TestAutomation.TestProject.AppTest1"/>
  <testcase name="TC14" time="1.268" classname="TestAutomation.TestProject.AppTest1"/>
</testsuite> <!-- TestAutomation.TestProject.AppTest1 -->
